[2016-03-03 19:32:13,644][39087][INFO][TestCaseTask.py:prepareTask:28]: prepare case task [case_demo_1],[22]
[2016-03-03 19:32:13,644][39087][INFO][TestCaseTask.py:runTask:34]: start run case task
[2016-03-03 21:30:02,795][39520][INFO][TestCaseTask.py:prepareTask:28]: prepare case task [case_demo_1],[23]
[2016-03-03 21:30:02,796][39520][INFO][TestCaseTask.py:runTask:34]: start run case task
[2016-03-03 21:30:02,841][39504][INFO][TestCaseTask.py:prepareTask:28]: prepare case task [case_demo_1],[23]
[2016-03-03 21:30:02,842][39504][INFO][TestCaseTask.py:runTask:34]: start run case task
[2016-03-03 21:33:33,106][39520][INFO][TestCaseTask.py:prepareTask:28]: prepare case task [case_demo_1],[24]
[2016-03-03 21:33:33,108][39520][INFO][TestCaseTask.py:runTask:34]: start run case task
[2016-03-03 21:46:33,751][40251][INFO][TestCaseTask.py:prepareTask:28]: prepare case task [case_demo_1],[25]
[2016-03-03 21:46:33,751][40251][INFO][TestCaseTask.py:runTask:34]: start run case task
[2016-03-03 21:46:33,802][40251][INFO][TestCaseTask.py:stopTask:31]: stop case task[case_demo_1],[25]
[2016-03-06 14:32:48,252][43388][INFO][TestCaseTask.py:prepareTask:28]: prepare case task [dsfdsf],[26]
[2016-03-06 14:32:48,253][43388][INFO][TestCaseTask.py:runTask:34]: start run case task
[2016-03-06 21:01:13,848][47973][INFO][TestCaseTask.py:prepareTask:28]: prepare case task [zzzz],[27]
[2016-03-06 21:01:13,849][47973][INFO][TestCaseTask.py:runTask:34]: start run case task
[2016-03-06 21:01:13,931][47973][INFO][TestCaseTask.py:stopTask:31]: stop case task[zzzz],[27]
[2016-03-06 21:02:35,192][47973][INFO][TestCaseTask.py:prepareTask:28]: prepare case task [case_true],[28]
[2016-03-06 21:02:35,192][47973][INFO][TestCaseTask.py:runTask:34]: start run case task
[2016-03-06 21:02:35,200][47973][INFO][TestCaseTask.py:stopTask:31]: stop case task[case_true],[28]
[2016-03-06 21:24:20,229][48405][INFO][TestCaseTask.py:prepareTask:28]: prepare case task [case_true],[29]
[2016-03-06 21:24:20,231][48405][INFO][TestCaseTask.py:runTask:34]: start run case task
[2016-03-06 21:24:20,292][48405][INFO][TestCaseTask.py:stopTask:31]: stop case task[case_true],[29]
