[2016-03-01 17:05:02,843][31589][INFO][ReleaseTask.py:prepareTask:29]: prepare release task [amss],[12]
[2016-03-01 17:05:39,925][31600][INFO][ReleaseTask.py:prepareTask:29]: prepare release task [amss],[12]
[2016-03-01 17:09:19,943][31635][INFO][ReleaseTask.py:prepareTask:29]: prepare release task [amss],[12]
[2016-03-01 17:09:20,001][31635][INFO][ReleaseTask.py:runTask:36]: start run release task [amss],[12]
[2016-03-01 17:10:22,537][31648][INFO][ReleaseTask.py:prepareTask:29]: prepare release task [amss],[12]
[2016-03-01 17:10:22,541][31648][INFO][ReleaseTask.py:runTask:36]: start run release task [amss],[12]
[2016-03-01 17:10:35,218][31662][INFO][ReleaseTask.py:prepareTask:29]: prepare release task [amss],[12]
[2016-03-01 17:10:35,219][31662][INFO][ReleaseTask.py:runTask:36]: start run release task [amss],[12]
[2016-03-01 17:11:41,904][31680][INFO][ReleaseTask.py:prepareTask:29]: prepare release task [amss],[12]
[2016-03-01 17:11:41,905][31680][INFO][ReleaseTask.py:runTask:36]: start run release task [amss],[12]
[2016-03-01 17:12:51,579][31713][INFO][ReleaseTask.py:prepareTask:29]: prepare release task [amss],[12]
[2016-03-01 17:12:51,616][31713][INFO][ReleaseTask.py:runTask:36]: start run release task [amss],[12]
[2016-03-01 17:15:32,998][31760][INFO][ReleaseTask.py:prepareTask:28]: prepare release task [amss],[12]
[2016-03-01 17:15:32,999][31760][INFO][ReleaseTask.py:runTask:35]: start run release task [amss],[12]
[2016-03-01 17:17:23,063][31798][INFO][ReleaseTask.py:prepareTask:28]: prepare release task [amss],[12]
[2016-03-01 17:17:23,064][31798][INFO][ReleaseTask.py:runTask:35]: start run release task [amss],[12]
[2016-03-01 17:20:30,264][31857][INFO][ReleaseTask.py:prepareTask:28]: prepare release task [amss],[12]
[2016-03-01 17:20:30,271][31857][INFO][ReleaseTask.py:runTask:35]: start run release task [amss],[12]
[2016-03-01 17:22:09,565][31897][INFO][ReleaseTask.py:prepareTask:28]: prepare release task [amss],[12]
[2016-03-01 17:22:09,572][31897][INFO][ReleaseTask.py:runTask:35]: start run release task [amss],[12]
[2016-03-01 17:22:25,769][31897][INFO][ReleaseTask.py:stopTask:32]: stop release task [amss],[12]
[2016-03-01 17:28:52,443][31950][INFO][ReleaseTask.py:prepareTask:28]: prepare release task [amss],[12]
[2016-03-01 17:28:52,488][31950][INFO][ReleaseTask.py:runTask:35]: start run release task [amss],[12]
[2016-03-01 17:29:17,096][31950][INFO][ReleaseTask.py:stopTask:32]: stop release task [amss],[12]
[2016-03-02 08:12:43,927][32344][INFO][ReleaseTask.py:prepareTask:28]: prepare release task [amss],[12]
[2016-03-02 08:12:43,946][32344][INFO][ReleaseTask.py:runTask:35]: start run release task [amss],[12]
[2016-03-03 09:23:45,761][35996][INFO][ReleaseTask.py:prepareTask:32]: prepare release task [amss],[1]
[2016-03-03 09:24:53,273][36030][INFO][ReleaseTask.py:prepareTask:32]: prepare release task [amss],[1]
[2016-03-03 09:24:53,273][36030][INFO][ReleaseTask.py:runTask:38]: start run release task [amss],[1]
[2016-03-03 09:24:53,273][36030][INFO][ReleaseTask.py:stopTask:35]: stop release task [amss],[1]
[2016-03-03 09:29:29,469][36077][INFO][ReleaseTask.py:prepareTask:32]: prepare release task [amss],[1]
[2016-03-03 09:30:46,260][36102][INFO][ReleaseTask.py:prepareTask:32]: prepare release task [amss],[1]
[2016-03-03 09:30:46,299][36102][INFO][ReleaseTask.py:runTask:40]: start run release task [amss],[1]
[2016-03-03 09:30:46,300][36102][INFO][ReleaseTask.py:stopTask:36]: stop release task [amss],[1]
[2016-03-03 09:32:55,680][36128][INFO][ReleaseTask.py:prepareTask:32]: prepare release task [amss],[1]
[2016-03-03 10:12:34,159][36382][INFO][ReleaseTask.py:prepareTask:32]: prepare release task [amss],[1]
[2016-03-03 10:12:34,217][36382][INFO][ReleaseTask.py:runTask:37]: start run release task [amss],[1]
[2016-03-03 10:12:34,217][36382][INFO][ReleaseTask.py:stopTask:35]: stop release task [amss],[1]
[2016-03-03 10:16:09,226][36436][INFO][ReleaseTask.py:prepareTask:32]: prepare release task [amss],[1]
[2016-03-03 10:16:09,245][36436][INFO][ReleaseTask.py:runTask:37]: start run release task [amss],[1]
[2016-03-03 10:22:36,972][36436][INFO][ReleaseTask.py:stopTask:35]: stop release task [amss],[1]
[2016-03-03 10:35:03,992][36641][INFO][ReleaseTask.py:prepareTask:32]: prepare release task [amss],[1]
[2016-03-03 10:35:04,052][36641][INFO][ReleaseTask.py:runTask:37]: start run release task [amss],[1]
[2016-03-03 10:35:04,053][36641][INFO][ReleaseTask.py:runTask:49]: delete old app workspace [/Users/wangming/workspace/atrs/workbench/release/project/amss]
[2016-03-03 10:36:11,232][36641][INFO][ReleaseTask.py:stopTask:35]: stop release task [amss],[1]
[2016-03-03 10:41:39,464][36641][INFO][ReleaseTask.py:prepareTask:32]: prepare release task [sshdemo_file],[13]
[2016-03-03 10:41:39,501][36641][INFO][ReleaseTask.py:runTask:37]: start run release task [sshdemo_file],[13]
[2016-03-03 10:42:57,453][36714][INFO][ReleaseTask.py:prepareTask:32]: prepare release task [sshdemo_file],[13]
[2016-03-03 10:42:57,466][36714][INFO][ReleaseTask.py:runTask:37]: start run release task [sshdemo_file],[13]
[2016-03-03 10:42:59,781][36714][INFO][ReleaseTask.py:stopTask:35]: stop release task [sshdemo_file],[13]
[2016-03-03 10:47:34,579][36714][INFO][ReleaseTask.py:prepareTask:32]: prepare release task [sshdemo_file],[13]
[2016-03-03 10:47:34,605][36714][INFO][ReleaseTask.py:runTask:37]: start run release task [sshdemo_file],[13]
[2016-03-03 10:47:34,605][36714][INFO][ReleaseTask.py:runTask:49]: delete old app workspace [/Users/wangming/workspace/atrs/workbench/release/project/sshdemo_file]
[2016-03-03 10:47:34,621][36714][INFO][ReleaseTask.py:runTask:55]: delete old war direction [/Users/wangming/workspace/atrs/workbench/release/project/sshdemo_file.war]
[2016-03-03 10:47:36,518][36714][INFO][ReleaseTask.py:stopTask:35]: stop release task [sshdemo_file],[13]
[2016-03-03 10:50:49,017][36714][INFO][ReleaseTask.py:prepareTask:32]: prepare release task [sshdemo_file],[14]
[2016-03-03 10:50:49,046][36714][INFO][ReleaseTask.py:runTask:37]: start run release task [sshdemo_file],[14]
[2016-03-03 10:50:49,047][36714][INFO][ReleaseTask.py:runTask:49]: delete old app workspace [/Users/wangming/workspace/atrs/workbench/release/project/sshdemo_file]
[2016-03-03 10:50:49,061][36714][INFO][ReleaseTask.py:runTask:55]: delete old war direction [/Users/wangming/workspace/atrs/workbench/release/project/sshdemo_file.war]
[2016-03-03 10:50:51,332][36714][INFO][ReleaseTask.py:stopTask:35]: stop release task [sshdemo_file],[14]
[2016-03-03 10:59:14,311][36927][INFO][ReleaseTask.py:prepareTask:32]: prepare release task [sshdemo_file],[14]
[2016-03-03 10:59:14,323][36927][INFO][ReleaseTask.py:runTask:37]: start run release task [sshdemo_file],[14]
[2016-03-03 10:59:14,324][36927][INFO][ReleaseTask.py:runTask:49]: delete old app workspace [/Users/wangming/workspace/atrs/workbench/release/project/sshdemo_file]
[2016-03-03 10:59:18,098][36927][INFO][ReleaseTask.py:stopTask:35]: stop release task [sshdemo_file],[14]
[2016-03-03 11:12:04,195][37013][INFO][ReleaseTask.py:prepareTask:32]: prepare release task [sshdemo_file],[14]
[2016-03-03 11:12:04,196][37013][INFO][ReleaseTask.py:runTask:37]: start run release task [sshdemo_file],[14]
[2016-03-03 11:12:04,197][37013][INFO][ReleaseTask.py:runTask:49]: delete old app workspace [/Users/wangming/workspace/atrs/workbench/release/project/sshdemo_file]
[2016-03-03 11:12:04,215][37013][INFO][ReleaseTask.py:runTask:55]: delete old war direction [/Users/wangming/workspace/atrs/workbench/release/project/sshdemo_file.war]
[2016-03-03 11:13:23,884][37013][INFO][ReleaseTask.py:stopTask:35]: stop release task [sshdemo_file],[14]
[2016-03-03 11:18:43,917][37074][INFO][ReleaseTask.py:prepareTask:32]: prepare release task [sshdemo_file],[14]
[2016-03-03 11:18:43,918][37074][INFO][ReleaseTask.py:runTask:37]: start run release task [sshdemo_file],[14]
[2016-03-03 11:18:43,919][37074][INFO][ReleaseTask.py:runTask:49]: delete old app workspace [/Users/wangming/workspace/atrs/workbench/release/project/sshdemo_file]
[2016-03-03 11:18:43,964][37074][INFO][ReleaseTask.py:runTask:55]: delete old war direction [/Users/wangming/workspace/atrs/workbench/release/project/sshdemo_file.war]
[2016-03-03 11:20:03,321][37074][INFO][ReleaseTask.py:stopTask:35]: stop release task [sshdemo_file],[14]
[2016-03-03 11:26:03,880][37230][INFO][ReleaseTask.py:prepareTask:32]: prepare release task [sshdemo_file],[14]
[2016-03-03 11:26:03,892][37230][INFO][ReleaseTask.py:runTask:37]: start run release task [sshdemo_file],[14]
[2016-03-03 11:26:03,892][37230][INFO][ReleaseTask.py:runTask:49]: delete old app workspace [/Users/wangming/workspace/atrs/workbench/release/project/sshdemo_file]
[2016-03-03 11:26:03,940][37230][INFO][ReleaseTask.py:runTask:55]: delete old war direction [/Users/wangming/workspace/atrs/workbench/release/project/sshdemo_file.war]
[2016-03-03 11:26:08,270][37230][INFO][ReleaseTask.py:stopTask:35]: stop release task [sshdemo_file],[14]
[2016-03-03 11:26:37,394][37230][INFO][ReleaseTask.py:prepareTask:32]: prepare release task [sshdemo_file],[14]
[2016-03-03 11:26:37,407][37230][INFO][ReleaseTask.py:runTask:37]: start run release task [sshdemo_file],[14]
[2016-03-03 11:26:37,407][37230][INFO][ReleaseTask.py:runTask:49]: delete old app workspace [/Users/wangming/workspace/atrs/workbench/release/project/sshdemo_file]
[2016-03-03 11:26:37,426][37230][INFO][ReleaseTask.py:runTask:55]: delete old war direction [/Users/wangming/workspace/atrs/workbench/release/project/sshdemo_file.war]
[2016-03-03 11:27:56,874][37230][INFO][ReleaseTask.py:stopTask:35]: stop release task [sshdemo_file],[14]
[2016-03-03 11:32:01,495][37230][INFO][ReleaseTask.py:prepareTask:32]: prepare release task [sshdemo_file],[14]
[2016-03-03 11:32:01,514][37230][INFO][ReleaseTask.py:runTask:37]: start run release task [sshdemo_file],[14]
[2016-03-03 11:32:01,514][37230][INFO][ReleaseTask.py:runTask:49]: delete old app workspace [/Users/wangming/workspace/atrs/workbench/release/project/sshdemo_file]
[2016-03-03 11:32:01,572][37230][INFO][ReleaseTask.py:runTask:55]: delete old war direction [/Users/wangming/workspace/atrs/workbench/release/project/sshdemo_file.war]
[2016-03-03 11:32:21,117][37230][INFO][ReleaseTask.py:stopTask:35]: stop release task [sshdemo_file],[14]
[2016-03-03 11:32:45,341][37230][INFO][ReleaseTask.py:prepareTask:32]: prepare release task [sshdemo_file],[14]
[2016-03-03 11:32:45,356][37230][INFO][ReleaseTask.py:runTask:37]: start run release task [sshdemo_file],[14]
[2016-03-03 11:32:45,356][37230][INFO][ReleaseTask.py:runTask:49]: delete old app workspace [/Users/wangming/workspace/atrs/workbench/release/project/sshdemo_file]
[2016-03-03 11:32:45,373][37230][INFO][ReleaseTask.py:runTask:55]: delete old war direction [/Users/wangming/workspace/atrs/workbench/release/project/sshdemo_file.war]
[2016-03-03 11:32:49,406][37230][INFO][ReleaseTask.py:stopTask:35]: stop release task [sshdemo_file],[14]
[2016-03-03 11:33:06,006][37230][INFO][ReleaseTask.py:prepareTask:32]: prepare release task [sshdemo_file],[14]
[2016-03-03 11:33:06,020][37230][INFO][ReleaseTask.py:runTask:37]: start run release task [sshdemo_file],[14]
[2016-03-03 11:33:06,021][37230][INFO][ReleaseTask.py:runTask:49]: delete old app workspace [/Users/wangming/workspace/atrs/workbench/release/project/sshdemo_file]
[2016-03-03 11:33:06,043][37230][INFO][ReleaseTask.py:runTask:55]: delete old war direction [/Users/wangming/workspace/atrs/workbench/release/project/sshdemo_file.war]
[2016-03-03 11:33:10,816][37230][INFO][ReleaseTask.py:stopTask:35]: stop release task [sshdemo_file],[14]
[2016-03-03 14:52:20,352][37498][INFO][ReleaseTask.py:prepareTask:32]: prepare release task [sshdemo_file],[14]
[2016-03-03 14:52:20,378][37498][INFO][ReleaseTask.py:runTask:38]: start run release task [sshdemo_file],[14]
[2016-03-03 14:52:20,390][37498][INFO][ReleaseTask.py:runTask:51]: delete old app workspace [/Users/wangming/workspace/atrs/workbench/release/project/sshdemo_file]
[2016-03-03 14:52:20,446][37498][INFO][ReleaseTask.py:runTask:57]: delete old war direction [/Users/wangming/workspace/atrs/workbench/release/project/sshdemo_file.war]
[2016-03-03 14:52:25,677][37498][INFO][ReleaseTask.py:stopTask:35]: stop release task [sshdemo_file],[14]
